/!\ FAILSAFE /!\  Tue Jun 18 06:54:11 +0000 2019
  Status: 500 Internal Server Error
  no such file to load -- mysql
    /root/.rbenv/versions/1.8.7-p375/lib/ruby/site_ruby/1.8/rubygems/custom_require.rb:54:in `gem_original_require'
    /root/.rbenv/versions/1.8.7-p375/lib/ruby/site_ruby/1.8/rubygems/custom_require.rb:54:in `require'
    /root/.rbenv/versions/1.8.7-p375/lib/ruby/gems/1.8/gems/activesupport-2.3.18/lib/active_support/dependencies.rb:182:in `require'
    /root/.rbenv/versions/1.8.7-p375/lib/ruby/gems/1.8/gems/activesupport-2.3.18/lib/active_support/dependencies.rb:547:in `new_constants_in'
    /root/.rbenv/versions/1.8.7-p375/lib/ruby/gems/1.8/gems/activesupport-2.3.18/lib/active_support/dependencies.rb:182:in `require'
    /root/.rbenv/versions/1.8.7-p375/lib/ruby/gems/1.8/gems/activesupport-2.3.18/lib/active_support/core_ext/kernel/requires.rb:7:in `require_library_or_gem'
    /root/.rbenv/versions/1.8.7-p375/lib/ruby/gems/1.8/gems/activesupport-2.3.18/lib/active_support/core_ext/kernel/reporting.rb:11:in `silence_warnings'
    /root/.rbenv/versions/1.8.7-p375/lib/ruby/gems/1.8/gems/activesupport-2.3.18/lib/active_support/core_ext/kernel/requires.rb:5:in `require_library_or_gem'
    /root/.rbenv/versions/1.8.7-p375/lib/ruby/gems/1.8/gems/activerecord-2.3.18/lib/active_record/connection_adapters/mysql_adapter.rb:61:in `mysql_connection'
    /root/.rbenv/versions/1.8.7-p375/lib/ruby/gems/1.8/gems/activerecord-2.3.18/lib/active_record/connection_adapters/abstract/connection_pool.rb:223:in `send'
    /root/.rbenv/versions/1.8.7-p375/lib/ruby/gems/1.8/gems/activerecord-2.3.18/lib/active_record/connection_adapters/abstract/connection_pool.rb:223:in `new_connection'
    /root/.rbenv/versions/1.8.7-p375/lib/ruby/gems/1.8/gems/activerecord-2.3.18/lib/active_record/connection_adapters/abstract/connection_pool.rb:245:in `checkout_new_connection'
    /root/.rbenv/versions/1.8.7-p375/lib/ruby/gems/1.8/gems/activerecord-2.3.18/lib/active_record/connection_adapters/abstract/connection_pool.rb:188:in `checkout'
    /root/.rbenv/versions/1.8.7-p375/lib/ruby/gems/1.8/gems/activerecord-2.3.18/lib/active_record/connection_adapters/abstract/connection_pool.rb:184:in `loop'
    /root/.rbenv/versions/1.8.7-p375/lib/ruby/gems/1.8/gems/activerecord-2.3.18/lib/active_record/connection_adapters/abstract/connection_pool.rb:184:in `checkout'
    /root/.rbenv/versions/1.8.7-p375/lib/ruby/1.8/monitor.rb:242:in `synchronize'
    /root/.rbenv/versions/1.8.7-p375/lib/ruby/gems/1.8/gems/activerecord-2.3.18/lib/active_record/connection_adapters/abstract/connection_pool.rb:183:in `checkout'
    /root/.rbenv/versions/1.8.7-p375/lib/ruby/gems/1.8/gems/activerecord-2.3.18/lib/active_record/connection_adapters/abstract/connection_pool.rb:98:in `connection'
    /root/.rbenv/versions/1.8.7-p375/lib/ruby/gems/1.8/gems/activerecord-2.3.18/lib/active_record/connection_adapters/abstract/connection_pool.rb:326:in `retrieve_connection'
    /root/.rbenv/versions/1.8.7-p375/lib/ruby/gems/1.8/gems/activerecord-2.3.18/lib/active_record/connection_adapters/abstract/connection_specification.rb:123:in `retrieve_connection'
    /root/.rbenv/versions/1.8.7-p375/lib/ruby/gems/1.8/gems/activerecord-2.3.18/lib/active_record/connection_adapters/abstract/connection_specification.rb:115:in `connection'
    /root/.rbenv/versions/1.8.7-p375/lib/ruby/gems/1.8/gems/activerecord-2.3.18/lib/active_record/query_cache.rb:9:in `cache'
    /root/.rbenv/versions/1.8.7-p375/lib/ruby/gems/1.8/gems/activerecord-2.3.18/lib/active_record/query_cache.rb:28:in `call'
    /root/.rbenv/versions/1.8.7-p375/lib/ruby/gems/1.8/gems/activerecord-2.3.18/lib/active_record/connection_adapters/abstract/connection_pool.rb:361:in `call'
    /root/.rbenv/versions/1.8.7-p375/lib/ruby/gems/1.8/gems/actionpack-2.3.18/lib/action_controller/string_coercion.rb:25:in `call'
    /root/.rbenv/versions/1.8.7-p375/lib/ruby/gems/1.8/gems/rack-1.1.6/lib/rack/head.rb:9:in `call'
    /root/.rbenv/versions/1.8.7-p375/lib/ruby/gems/1.8/gems/rack-1.1.6/lib/rack/methodoverride.rb:24:in `call'
    /root/.rbenv/versions/1.8.7-p375/lib/ruby/gems/1.8/gems/actionpack-2.3.18/lib/action_controller/params_parser.rb:15:in `call'
    /root/.rbenv/versions/1.8.7-p375/lib/ruby/gems/1.8/gems/actionpack-2.3.18/lib/action_controller/session/cookie_store.rb:99:in `call'
    /root/.rbenv/versions/1.8.7-p375/lib/ruby/gems/1.8/gems/actionpack-2.3.18/lib/action_controller/failsafe.rb:26:in `call'
    /root/.rbenv/versions/1.8.7-p375/lib/ruby/gems/1.8/gems/rack-1.1.6/lib/rack/lock.rb:11:in `call'
    /root/.rbenv/versions/1.8.7-p375/lib/ruby/gems/1.8/gems/rack-1.1.6/lib/rack/lock.rb:11:in `synchronize'
    /root/.rbenv/versions/1.8.7-p375/lib/ruby/gems/1.8/gems/rack-1.1.6/lib/rack/lock.rb:11:in `call'
    /root/.rbenv/versions/1.8.7-p375/lib/ruby/gems/1.8/gems/actionpack-2.3.18/lib/action_controller/dispatcher.rb:114:in `call'
    /root/.rbenv/versions/1.8.7-p375/lib/ruby/gems/1.8/gems/actionpack-2.3.18/lib/action_controller/reloader.rb:34:in `run'
    /root/.rbenv/versions/1.8.7-p375/lib/ruby/gems/1.8/gems/actionpack-2.3.18/lib/action_controller/dispatcher.rb:108:in `call'
    /root/.rbenv/versions/1.8.7-p375/lib/ruby/gems/1.8/gems/rails-2.3.18/lib/rails/rack/static.rb:31:in `call'
    /root/.rbenv/versions/1.8.7-p375/lib/ruby/gems/1.8/gems/rack-1.1.6/lib/rack/urlmap.rb:47:in `call'
    /root/.rbenv/versions/1.8.7-p375/lib/ruby/gems/1.8/gems/rack-1.1.6/lib/rack/urlmap.rb:41:in `each'
    /root/.rbenv/versions/1.8.7-p375/lib/ruby/gems/1.8/gems/rack-1.1.6/lib/rack/urlmap.rb:41:in `call'
    /root/.rbenv/versions/1.8.7-p375/lib/ruby/gems/1.8/gems/rails-2.3.18/lib/rails/rack/log_tailer.rb:17:in `call'
    /root/.rbenv/versions/1.8.7-p375/lib/ruby/gems/1.8/gems/rack-1.1.6/lib/rack/content_length.rb:13:in `call'
    /root/.rbenv/versions/1.8.7-p375/lib/ruby/gems/1.8/gems/rack-1.1.6/lib/rack/handler/webrick.rb:48:in `service'
    /root/.rbenv/versions/1.8.7-p375/lib/ruby/1.8/webrick/httpserver.rb:104:in `service'
    /root/.rbenv/versions/1.8.7-p375/lib/ruby/1.8/webrick/httpserver.rb:65:in `run'
    /root/.rbenv/versions/1.8.7-p375/lib/ruby/1.8/webrick/server.rb:173:in `start_thread'
    /root/.rbenv/versions/1.8.7-p375/lib/ruby/1.8/webrick/server.rb:162:in `start'
    /root/.rbenv/versions/1.8.7-p375/lib/ruby/1.8/webrick/server.rb:162:in `start_thread'
    /root/.rbenv/versions/1.8.7-p375/lib/ruby/1.8/webrick/server.rb:95:in `start'
    /root/.rbenv/versions/1.8.7-p375/lib/ruby/1.8/webrick/server.rb:92:in `each'
    /root/.rbenv/versions/1.8.7-p375/lib/ruby/1.8/webrick/server.rb:92:in `start'
    /root/.rbenv/versions/1.8.7-p375/lib/ruby/1.8/webrick/server.rb:23:in `start'
    /root/.rbenv/versions/1.8.7-p375/lib/ruby/1.8/webrick/server.rb:82:in `start'
    /root/.rbenv/versions/1.8.7-p375/lib/ruby/gems/1.8/gems/rack-1.1.6/lib/rack/handler/webrick.rb:14:in `run'
    /root/.rbenv/versions/1.8.7-p375/lib/ruby/gems/1.8/gems/rails-2.3.18/lib/commands/server.rb:111
    /root/.rbenv/versions/1.8.7-p375/lib/ruby/site_ruby/1.8/rubygems/custom_require.rb:54:in `gem_original_require'
    /root/.rbenv/versions/1.8.7-p375/lib/ruby/site_ruby/1.8/rubygems/custom_require.rb:54:in `require'
    script/server:3
/!\ FAILSAFE /!\  Tue Jun 18 06:54:14 +0000 2019
  Status: 500 Internal Server Error
  no such file to load -- mysql
    /root/.rbenv/versions/1.8.7-p375/lib/ruby/site_ruby/1.8/rubygems/custom_require.rb:54:in `gem_original_require'
    /root/.rbenv/versions/1.8.7-p375/lib/ruby/site_ruby/1.8/rubygems/custom_require.rb:54:in `require'
    /root/.rbenv/versions/1.8.7-p375/lib/ruby/gems/1.8/gems/activesupport-2.3.18/lib/active_support/dependencies.rb:182:in `require'
    /root/.rbenv/versions/1.8.7-p375/lib/ruby/gems/1.8/gems/activesupport-2.3.18/lib/active_support/dependencies.rb:547:in `new_constants_in'
    /root/.rbenv/versions/1.8.7-p375/lib/ruby/gems/1.8/gems/activesupport-2.3.18/lib/active_support/dependencies.rb:182:in `require'
    /root/.rbenv/versions/1.8.7-p375/lib/ruby/gems/1.8/gems/activesupport-2.3.18/lib/active_support/core_ext/kernel/requires.rb:7:in `require_library_or_gem'
    /root/.rbenv/versions/1.8.7-p375/lib/ruby/gems/1.8/gems/activesupport-2.3.18/lib/active_support/core_ext/kernel/reporting.rb:11:in `silence_warnings'
    /root/.rbenv/versions/1.8.7-p375/lib/ruby/gems/1.8/gems/activesupport-2.3.18/lib/active_support/core_ext/kernel/requires.rb:5:in `require_library_or_gem'
    /root/.rbenv/versions/1.8.7-p375/lib/ruby/gems/1.8/gems/activerecord-2.3.18/lib/active_record/connection_adapters/mysql_adapter.rb:61:in `mysql_connection'
    /root/.rbenv/versions/1.8.7-p375/lib/ruby/gems/1.8/gems/activerecord-2.3.18/lib/active_record/connection_adapters/abstract/connection_pool.rb:223:in `send'
    /root/.rbenv/versions/1.8.7-p375/lib/ruby/gems/1.8/gems/activerecord-2.3.18/lib/active_record/connection_adapters/abstract/connection_pool.rb:223:in `new_connection'
    /root/.rbenv/versions/1.8.7-p375/lib/ruby/gems/1.8/gems/activerecord-2.3.18/lib/active_record/connection_adapters/abstract/connection_pool.rb:245:in `checkout_new_connection'
    /root/.rbenv/versions/1.8.7-p375/lib/ruby/gems/1.8/gems/activerecord-2.3.18/lib/active_record/connection_adapters/abstract/connection_pool.rb:188:in `checkout'
    /root/.rbenv/versions/1.8.7-p375/lib/ruby/gems/1.8/gems/activerecord-2.3.18/lib/active_record/connection_adapters/abstract/connection_pool.rb:184:in `loop'
    /root/.rbenv/versions/1.8.7-p375/lib/ruby/gems/1.8/gems/activerecord-2.3.18/lib/active_record/connection_adapters/abstract/connection_pool.rb:184:in `checkout'
    /root/.rbenv/versions/1.8.7-p375/lib/ruby/1.8/monitor.rb:242:in `synchronize'
    /root/.rbenv/versions/1.8.7-p375/lib/ruby/gems/1.8/gems/activerecord-2.3.18/lib/active_record/connection_adapters/abstract/connection_pool.rb:183:in `checkout'
    /root/.rbenv/versions/1.8.7-p375/lib/ruby/gems/1.8/gems/activerecord-2.3.18/lib/active_record/connection_adapters/abstract/connection_pool.rb:98:in `connection'
    /root/.rbenv/versions/1.8.7-p375/lib/ruby/gems/1.8/gems/activerecord-2.3.18/lib/active_record/connection_adapters/abstract/connection_pool.rb:326:in `retrieve_connection'
    /root/.rbenv/versions/1.8.7-p375/lib/ruby/gems/1.8/gems/activerecord-2.3.18/lib/active_record/connection_adapters/abstract/connection_specification.rb:123:in `retrieve_connection'
    /root/.rbenv/versions/1.8.7-p375/lib/ruby/gems/1.8/gems/activerecord-2.3.18/lib/active_record/connection_adapters/abstract/connection_specification.rb:115:in `connection'
    /root/.rbenv/versions/1.8.7-p375/lib/ruby/gems/1.8/gems/activerecord-2.3.18/lib/active_record/query_cache.rb:9:in `cache'
    /root/.rbenv/versions/1.8.7-p375/lib/ruby/gems/1.8/gems/activerecord-2.3.18/lib/active_record/query_cache.rb:28:in `call'
    /root/.rbenv/versions/1.8.7-p375/lib/ruby/gems/1.8/gems/activerecord-2.3.18/lib/active_record/connection_adapters/abstract/connection_pool.rb:361:in `call'
    /root/.rbenv/versions/1.8.7-p375/lib/ruby/gems/1.8/gems/actionpack-2.3.18/lib/action_controller/string_coercion.rb:25:in `call'
    /root/.rbenv/versions/1.8.7-p375/lib/ruby/gems/1.8/gems/rack-1.1.6/lib/rack/head.rb:9:in `call'
    /root/.rbenv/versions/1.8.7-p375/lib/ruby/gems/1.8/gems/rack-1.1.6/lib/rack/methodoverride.rb:24:in `call'
    /root/.rbenv/versions/1.8.7-p375/lib/ruby/gems/1.8/gems/actionpack-2.3.18/lib/action_controller/params_parser.rb:15:in `call'
    /root/.rbenv/versions/1.8.7-p375/lib/ruby/gems/1.8/gems/actionpack-2.3.18/lib/action_controller/session/cookie_store.rb:99:in `call'
    /root/.rbenv/versions/1.8.7-p375/lib/ruby/gems/1.8/gems/actionpack-2.3.18/lib/action_controller/failsafe.rb:26:in `call'
    /root/.rbenv/versions/1.8.7-p375/lib/ruby/gems/1.8/gems/rack-1.1.6/lib/rack/lock.rb:11:in `call'
    /root/.rbenv/versions/1.8.7-p375/lib/ruby/gems/1.8/gems/rack-1.1.6/lib/rack/lock.rb:11:in `synchronize'
    /root/.rbenv/versions/1.8.7-p375/lib/ruby/gems/1.8/gems/rack-1.1.6/lib/rack/lock.rb:11:in `call'
    /root/.rbenv/versions/1.8.7-p375/lib/ruby/gems/1.8/gems/actionpack-2.3.18/lib/action_controller/dispatcher.rb:114:in `call'
    /root/.rbenv/versions/1.8.7-p375/lib/ruby/gems/1.8/gems/actionpack-2.3.18/lib/action_controller/reloader.rb:34:in `run'
    /root/.rbenv/versions/1.8.7-p375/lib/ruby/gems/1.8/gems/actionpack-2.3.18/lib/action_controller/dispatcher.rb:108:in `call'
    /root/.rbenv/versions/1.8.7-p375/lib/ruby/gems/1.8/gems/rails-2.3.18/lib/rails/rack/static.rb:31:in `call'
    /root/.rbenv/versions/1.8.7-p375/lib/ruby/gems/1.8/gems/rack-1.1.6/lib/rack/urlmap.rb:47:in `call'
    /root/.rbenv/versions/1.8.7-p375/lib/ruby/gems/1.8/gems/rack-1.1.6/lib/rack/urlmap.rb:41:in `each'
    /root/.rbenv/versions/1.8.7-p375/lib/ruby/gems/1.8/gems/rack-1.1.6/lib/rack/urlmap.rb:41:in `call'
    /root/.rbenv/versions/1.8.7-p375/lib/ruby/gems/1.8/gems/rails-2.3.18/lib/rails/rack/log_tailer.rb:17:in `call'
    /root/.rbenv/versions/1.8.7-p375/lib/ruby/gems/1.8/gems/rack-1.1.6/lib/rack/content_length.rb:13:in `call'
    /root/.rbenv/versions/1.8.7-p375/lib/ruby/gems/1.8/gems/rack-1.1.6/lib/rack/handler/webrick.rb:48:in `service'
    /root/.rbenv/versions/1.8.7-p375/lib/ruby/1.8/webrick/httpserver.rb:104:in `service'
    /root/.rbenv/versions/1.8.7-p375/lib/ruby/1.8/webrick/httpserver.rb:65:in `run'
    /root/.rbenv/versions/1.8.7-p375/lib/ruby/1.8/webrick/server.rb:173:in `start_thread'
    /root/.rbenv/versions/1.8.7-p375/lib/ruby/1.8/webrick/server.rb:162:in `start'
    /root/.rbenv/versions/1.8.7-p375/lib/ruby/1.8/webrick/server.rb:162:in `start_thread'
    /root/.rbenv/versions/1.8.7-p375/lib/ruby/1.8/webrick/server.rb:95:in `start'
    /root/.rbenv/versions/1.8.7-p375/lib/ruby/1.8/webrick/server.rb:92:in `each'
    /root/.rbenv/versions/1.8.7-p375/lib/ruby/1.8/webrick/server.rb:92:in `start'
    /root/.rbenv/versions/1.8.7-p375/lib/ruby/1.8/webrick/server.rb:23:in `start'
    /root/.rbenv/versions/1.8.7-p375/lib/ruby/1.8/webrick/server.rb:82:in `start'
    /root/.rbenv/versions/1.8.7-p375/lib/ruby/gems/1.8/gems/rack-1.1.6/lib/rack/handler/webrick.rb:14:in `run'
    /root/.rbenv/versions/1.8.7-p375/lib/ruby/gems/1.8/gems/rails-2.3.18/lib/commands/server.rb:111
    /root/.rbenv/versions/1.8.7-p375/lib/ruby/site_ruby/1.8/rubygems/custom_require.rb:54:in `gem_original_require'
    /root/.rbenv/versions/1.8.7-p375/lib/ruby/site_ruby/1.8/rubygems/custom_require.rb:54:in `require'
    script/server:3
/!\ FAILSAFE /!\  Tue Jun 18 06:55:25 +0000 2019
  Status: 500 Internal Server Error
  Can't connect to local MySQL server through socket '/var/run/mysqld/mysqld.sock' (2)
    /root/.rbenv/versions/1.8.7-p375/lib/ruby/gems/1.8/gems/activerecord-2.3.18/lib/active_record/connection_adapters/mysql_adapter.rb:620:in `real_connect'
    /root/.rbenv/versions/1.8.7-p375/lib/ruby/gems/1.8/gems/activerecord-2.3.18/lib/active_record/connection_adapters/mysql_adapter.rb:620:in `connect'
    /root/.rbenv/versions/1.8.7-p375/lib/ruby/gems/1.8/gems/activerecord-2.3.18/lib/active_record/connection_adapters/mysql_adapter.rb:203:in `initialize'
    /root/.rbenv/versions/1.8.7-p375/lib/ruby/gems/1.8/gems/activerecord-2.3.18/lib/active_record/connection_adapters/mysql_adapter.rb:75:in `new'
    /root/.rbenv/versions/1.8.7-p375/lib/ruby/gems/1.8/gems/activerecord-2.3.18/lib/active_record/connection_adapters/mysql_adapter.rb:75:in `mysql_connection'
    /root/.rbenv/versions/1.8.7-p375/lib/ruby/gems/1.8/gems/activerecord-2.3.18/lib/active_record/connection_adapters/abstract/connection_pool.rb:223:in `send'
    /root/.rbenv/versions/1.8.7-p375/lib/ruby/gems/1.8/gems/activerecord-2.3.18/lib/active_record/connection_adapters/abstract/connection_pool.rb:223:in `new_connection'
    /root/.rbenv/versions/1.8.7-p375/lib/ruby/gems/1.8/gems/activerecord-2.3.18/lib/active_record/connection_adapters/abstract/connection_pool.rb:245:in `checkout_new_connection'
    /root/.rbenv/versions/1.8.7-p375/lib/ruby/gems/1.8/gems/activerecord-2.3.18/lib/active_record/connection_adapters/abstract/connection_pool.rb:188:in `checkout'
    /root/.rbenv/versions/1.8.7-p375/lib/ruby/gems/1.8/gems/activerecord-2.3.18/lib/active_record/connection_adapters/abstract/connection_pool.rb:184:in `loop'
    /root/.rbenv/versions/1.8.7-p375/lib/ruby/gems/1.8/gems/activerecord-2.3.18/lib/active_record/connection_adapters/abstract/connection_pool.rb:184:in `checkout'
    /root/.rbenv/versions/1.8.7-p375/lib/ruby/1.8/monitor.rb:242:in `synchronize'
    /root/.rbenv/versions/1.8.7-p375/lib/ruby/gems/1.8/gems/activerecord-2.3.18/lib/active_record/connection_adapters/abstract/connection_pool.rb:183:in `checkout'
    /root/.rbenv/versions/1.8.7-p375/lib/ruby/gems/1.8/gems/activerecord-2.3.18/lib/active_record/connection_adapters/abstract/connection_pool.rb:98:in `connection'
    /root/.rbenv/versions/1.8.7-p375/lib/ruby/gems/1.8/gems/activerecord-2.3.18/lib/active_record/connection_adapters/abstract/connection_pool.rb:326:in `retrieve_connection'
    /root/.rbenv/versions/1.8.7-p375/lib/ruby/gems/1.8/gems/activerecord-2.3.18/lib/active_record/connection_adapters/abstract/connection_specification.rb:123:in `retrieve_connection'
    /root/.rbenv/versions/1.8.7-p375/lib/ruby/gems/1.8/gems/activerecord-2.3.18/lib/active_record/connection_adapters/abstract/connection_specification.rb:115:in `connection'
    /root/.rbenv/versions/1.8.7-p375/lib/ruby/gems/1.8/gems/activerecord-2.3.18/lib/active_record/query_cache.rb:9:in `cache'
    /root/.rbenv/versions/1.8.7-p375/lib/ruby/gems/1.8/gems/activerecord-2.3.18/lib/active_record/query_cache.rb:28:in `call'
    /root/.rbenv/versions/1.8.7-p375/lib/ruby/gems/1.8/gems/activerecord-2.3.18/lib/active_record/connection_adapters/abstract/connection_pool.rb:361:in `call'
    /root/.rbenv/versions/1.8.7-p375/lib/ruby/gems/1.8/gems/actionpack-2.3.18/lib/action_controller/string_coercion.rb:25:in `call'
    /root/.rbenv/versions/1.8.7-p375/lib/ruby/gems/1.8/gems/rack-1.1.6/lib/rack/head.rb:9:in `call'
    /root/.rbenv/versions/1.8.7-p375/lib/ruby/gems/1.8/gems/rack-1.1.6/lib/rack/methodoverride.rb:24:in `call'
    /root/.rbenv/versions/1.8.7-p375/lib/ruby/gems/1.8/gems/actionpack-2.3.18/lib/action_controller/params_parser.rb:15:in `call'
    /root/.rbenv/versions/1.8.7-p375/lib/ruby/gems/1.8/gems/actionpack-2.3.18/lib/action_controller/session/cookie_store.rb:99:in `call'
    /root/.rbenv/versions/1.8.7-p375/lib/ruby/gems/1.8/gems/actionpack-2.3.18/lib/action_controller/failsafe.rb:26:in `call'
    /root/.rbenv/versions/1.8.7-p375/lib/ruby/gems/1.8/gems/rack-1.1.6/lib/rack/lock.rb:11:in `call'
    /root/.rbenv/versions/1.8.7-p375/lib/ruby/gems/1.8/gems/rack-1.1.6/lib/rack/lock.rb:11:in `synchronize'
    /root/.rbenv/versions/1.8.7-p375/lib/ruby/gems/1.8/gems/rack-1.1.6/lib/rack/lock.rb:11:in `call'
    /root/.rbenv/versions/1.8.7-p375/lib/ruby/gems/1.8/gems/actionpack-2.3.18/lib/action_controller/dispatcher.rb:114:in `call'
    /root/.rbenv/versions/1.8.7-p375/lib/ruby/gems/1.8/gems/actionpack-2.3.18/lib/action_controller/reloader.rb:34:in `run'
    /root/.rbenv/versions/1.8.7-p375/lib/ruby/gems/1.8/gems/actionpack-2.3.18/lib/action_controller/dispatcher.rb:108:in `call'
    /root/.rbenv/versions/1.8.7-p375/lib/ruby/gems/1.8/gems/rails-2.3.18/lib/rails/rack/static.rb:31:in `call'
    /root/.rbenv/versions/1.8.7-p375/lib/ruby/gems/1.8/gems/rack-1.1.6/lib/rack/urlmap.rb:47:in `call'
    /root/.rbenv/versions/1.8.7-p375/lib/ruby/gems/1.8/gems/rack-1.1.6/lib/rack/urlmap.rb:41:in `each'
    /root/.rbenv/versions/1.8.7-p375/lib/ruby/gems/1.8/gems/rack-1.1.6/lib/rack/urlmap.rb:41:in `call'
    /root/.rbenv/versions/1.8.7-p375/lib/ruby/gems/1.8/gems/rails-2.3.18/lib/rails/rack/log_tailer.rb:17:in `call'
    /root/.rbenv/versions/1.8.7-p375/lib/ruby/gems/1.8/gems/rack-1.1.6/lib/rack/content_length.rb:13:in `call'
    /root/.rbenv/versions/1.8.7-p375/lib/ruby/gems/1.8/gems/rack-1.1.6/lib/rack/handler/webrick.rb:48:in `service'
    /root/.rbenv/versions/1.8.7-p375/lib/ruby/1.8/webrick/httpserver.rb:104:in `service'
    /root/.rbenv/versions/1.8.7-p375/lib/ruby/1.8/webrick/httpserver.rb:65:in `run'
    /root/.rbenv/versions/1.8.7-p375/lib/ruby/1.8/webrick/server.rb:173:in `start_thread'
    /root/.rbenv/versions/1.8.7-p375/lib/ruby/1.8/webrick/server.rb:162:in `start'
    /root/.rbenv/versions/1.8.7-p375/lib/ruby/1.8/webrick/server.rb:162:in `start_thread'
    /root/.rbenv/versions/1.8.7-p375/lib/ruby/1.8/webrick/server.rb:95:in `start'
    /root/.rbenv/versions/1.8.7-p375/lib/ruby/1.8/webrick/server.rb:92:in `each'
    /root/.rbenv/versions/1.8.7-p375/lib/ruby/1.8/webrick/server.rb:92:in `start'
    /root/.rbenv/versions/1.8.7-p375/lib/ruby/1.8/webrick/server.rb:23:in `start'
    /root/.rbenv/versions/1.8.7-p375/lib/ruby/1.8/webrick/server.rb:82:in `start'
    /root/.rbenv/versions/1.8.7-p375/lib/ruby/gems/1.8/gems/rack-1.1.6/lib/rack/handler/webrick.rb:14:in `run'
    /root/.rbenv/versions/1.8.7-p375/lib/ruby/gems/1.8/gems/rails-2.3.18/lib/commands/server.rb:111
    /root/.rbenv/versions/1.8.7-p375/lib/ruby/site_ruby/1.8/rubygems/custom_require.rb:54:in `gem_original_require'
    /root/.rbenv/versions/1.8.7-p375/lib/ruby/site_ruby/1.8/rubygems/custom_require.rb:54:in `require'
    script/server:3
/!\ FAILSAFE /!\  Tue Jun 18 07:03:50 +0000 2019
  Status: 500 Internal Server Error
  Unknown database 'sample_development'
    /root/.rbenv/versions/1.8.7-p375/lib/ruby/gems/1.8/gems/activerecord-2.3.18/lib/active_record/connection_adapters/mysql_adapter.rb:620:in `real_connect'
    /root/.rbenv/versions/1.8.7-p375/lib/ruby/gems/1.8/gems/activerecord-2.3.18/lib/active_record/connection_adapters/mysql_adapter.rb:620:in `connect'
    /root/.rbenv/versions/1.8.7-p375/lib/ruby/gems/1.8/gems/activerecord-2.3.18/lib/active_record/connection_adapters/mysql_adapter.rb:203:in `initialize'
    /root/.rbenv/versions/1.8.7-p375/lib/ruby/gems/1.8/gems/activerecord-2.3.18/lib/active_record/connection_adapters/mysql_adapter.rb:75:in `new'
    /root/.rbenv/versions/1.8.7-p375/lib/ruby/gems/1.8/gems/activerecord-2.3.18/lib/active_record/connection_adapters/mysql_adapter.rb:75:in `mysql_connection'
    /root/.rbenv/versions/1.8.7-p375/lib/ruby/gems/1.8/gems/activerecord-2.3.18/lib/active_record/connection_adapters/abstract/connection_pool.rb:223:in `send'
    /root/.rbenv/versions/1.8.7-p375/lib/ruby/gems/1.8/gems/activerecord-2.3.18/lib/active_record/connection_adapters/abstract/connection_pool.rb:223:in `new_connection'
    /root/.rbenv/versions/1.8.7-p375/lib/ruby/gems/1.8/gems/activerecord-2.3.18/lib/active_record/connection_adapters/abstract/connection_pool.rb:245:in `checkout_new_connection'
    /root/.rbenv/versions/1.8.7-p375/lib/ruby/gems/1.8/gems/activerecord-2.3.18/lib/active_record/connection_adapters/abstract/connection_pool.rb:188:in `checkout'
    /root/.rbenv/versions/1.8.7-p375/lib/ruby/gems/1.8/gems/activerecord-2.3.18/lib/active_record/connection_adapters/abstract/connection_pool.rb:184:in `loop'
    /root/.rbenv/versions/1.8.7-p375/lib/ruby/gems/1.8/gems/activerecord-2.3.18/lib/active_record/connection_adapters/abstract/connection_pool.rb:184:in `checkout'
    /root/.rbenv/versions/1.8.7-p375/lib/ruby/1.8/monitor.rb:242:in `synchronize'
    /root/.rbenv/versions/1.8.7-p375/lib/ruby/gems/1.8/gems/activerecord-2.3.18/lib/active_record/connection_adapters/abstract/connection_pool.rb:183:in `checkout'
    /root/.rbenv/versions/1.8.7-p375/lib/ruby/gems/1.8/gems/activerecord-2.3.18/lib/active_record/connection_adapters/abstract/connection_pool.rb:98:in `connection'
    /root/.rbenv/versions/1.8.7-p375/lib/ruby/gems/1.8/gems/activerecord-2.3.18/lib/active_record/connection_adapters/abstract/connection_pool.rb:326:in `retrieve_connection'
    /root/.rbenv/versions/1.8.7-p375/lib/ruby/gems/1.8/gems/activerecord-2.3.18/lib/active_record/connection_adapters/abstract/connection_specification.rb:123:in `retrieve_connection'
    /root/.rbenv/versions/1.8.7-p375/lib/ruby/gems/1.8/gems/activerecord-2.3.18/lib/active_record/connection_adapters/abstract/connection_specification.rb:115:in `connection'
    /root/.rbenv/versions/1.8.7-p375/lib/ruby/gems/1.8/gems/activerecord-2.3.18/lib/active_record/query_cache.rb:9:in `cache'
    /root/.rbenv/versions/1.8.7-p375/lib/ruby/gems/1.8/gems/activerecord-2.3.18/lib/active_record/query_cache.rb:28:in `call'
    /root/.rbenv/versions/1.8.7-p375/lib/ruby/gems/1.8/gems/activerecord-2.3.18/lib/active_record/connection_adapters/abstract/connection_pool.rb:361:in `call'
    /root/.rbenv/versions/1.8.7-p375/lib/ruby/gems/1.8/gems/actionpack-2.3.18/lib/action_controller/string_coercion.rb:25:in `call'
    /root/.rbenv/versions/1.8.7-p375/lib/ruby/gems/1.8/gems/rack-1.1.6/lib/rack/head.rb:9:in `call'
    /root/.rbenv/versions/1.8.7-p375/lib/ruby/gems/1.8/gems/rack-1.1.6/lib/rack/methodoverride.rb:24:in `call'
    /root/.rbenv/versions/1.8.7-p375/lib/ruby/gems/1.8/gems/actionpack-2.3.18/lib/action_controller/params_parser.rb:15:in `call'
    /root/.rbenv/versions/1.8.7-p375/lib/ruby/gems/1.8/gems/actionpack-2.3.18/lib/action_controller/session/cookie_store.rb:99:in `call'
    /root/.rbenv/versions/1.8.7-p375/lib/ruby/gems/1.8/gems/actionpack-2.3.18/lib/action_controller/failsafe.rb:26:in `call'
    /root/.rbenv/versions/1.8.7-p375/lib/ruby/gems/1.8/gems/rack-1.1.6/lib/rack/lock.rb:11:in `call'
    /root/.rbenv/versions/1.8.7-p375/lib/ruby/gems/1.8/gems/rack-1.1.6/lib/rack/lock.rb:11:in `synchronize'
    /root/.rbenv/versions/1.8.7-p375/lib/ruby/gems/1.8/gems/rack-1.1.6/lib/rack/lock.rb:11:in `call'
    /root/.rbenv/versions/1.8.7-p375/lib/ruby/gems/1.8/gems/actionpack-2.3.18/lib/action_controller/dispatcher.rb:114:in `call'
    /root/.rbenv/versions/1.8.7-p375/lib/ruby/gems/1.8/gems/actionpack-2.3.18/lib/action_controller/reloader.rb:34:in `run'
    /root/.rbenv/versions/1.8.7-p375/lib/ruby/gems/1.8/gems/actionpack-2.3.18/lib/action_controller/dispatcher.rb:108:in `call'
    /root/.rbenv/versions/1.8.7-p375/lib/ruby/gems/1.8/gems/rails-2.3.18/lib/rails/rack/static.rb:31:in `call'
    /root/.rbenv/versions/1.8.7-p375/lib/ruby/gems/1.8/gems/rack-1.1.6/lib/rack/urlmap.rb:47:in `call'
    /root/.rbenv/versions/1.8.7-p375/lib/ruby/gems/1.8/gems/rack-1.1.6/lib/rack/urlmap.rb:41:in `each'
    /root/.rbenv/versions/1.8.7-p375/lib/ruby/gems/1.8/gems/rack-1.1.6/lib/rack/urlmap.rb:41:in `call'
    /root/.rbenv/versions/1.8.7-p375/lib/ruby/gems/1.8/gems/rails-2.3.18/lib/rails/rack/log_tailer.rb:17:in `call'
    /root/.rbenv/versions/1.8.7-p375/lib/ruby/gems/1.8/gems/rack-1.1.6/lib/rack/content_length.rb:13:in `call'
    /root/.rbenv/versions/1.8.7-p375/lib/ruby/gems/1.8/gems/rack-1.1.6/lib/rack/handler/webrick.rb:48:in `service'
    /root/.rbenv/versions/1.8.7-p375/lib/ruby/1.8/webrick/httpserver.rb:104:in `service'
    /root/.rbenv/versions/1.8.7-p375/lib/ruby/1.8/webrick/httpserver.rb:65:in `run'
    /root/.rbenv/versions/1.8.7-p375/lib/ruby/1.8/webrick/server.rb:173:in `start_thread'
    /root/.rbenv/versions/1.8.7-p375/lib/ruby/1.8/webrick/server.rb:162:in `start'
    /root/.rbenv/versions/1.8.7-p375/lib/ruby/1.8/webrick/server.rb:162:in `start_thread'
    /root/.rbenv/versions/1.8.7-p375/lib/ruby/1.8/webrick/server.rb:95:in `start'
    /root/.rbenv/versions/1.8.7-p375/lib/ruby/1.8/webrick/server.rb:92:in `each'
    /root/.rbenv/versions/1.8.7-p375/lib/ruby/1.8/webrick/server.rb:92:in `start'
    /root/.rbenv/versions/1.8.7-p375/lib/ruby/1.8/webrick/server.rb:23:in `start'
    /root/.rbenv/versions/1.8.7-p375/lib/ruby/1.8/webrick/server.rb:82:in `start'
    /root/.rbenv/versions/1.8.7-p375/lib/ruby/gems/1.8/gems/rack-1.1.6/lib/rack/handler/webrick.rb:14:in `run'
    /root/.rbenv/versions/1.8.7-p375/lib/ruby/gems/1.8/gems/rails-2.3.18/lib/commands/server.rb:111
    /root/.rbenv/versions/1.8.7-p375/lib/ruby/site_ruby/1.8/rubygems/custom_require.rb:54:in `gem_original_require'
    /root/.rbenv/versions/1.8.7-p375/lib/ruby/site_ruby/1.8/rubygems/custom_require.rb:54:in `require'
    script/server:3
  [4;36;1mSQL (50.7ms)[0m   [0;1mSET NAMES 'utf8'[0m
  [4;35;1mSQL (68.1ms)[0m   [0mSET SQL_AUTO_IS_NULL=0[0m
  [4;36;1mSQL (176.7ms)[0m   [0;1mSHOW TABLES[0m
  [4;35;1mSQL (234.2ms)[0m   [0mCREATE TABLE `schema_migrations` (`version` varchar(255) NOT NULL) ENGINE=InnoDB[0m
  [4;36;1mSQL (109.7ms)[0m   [0;1mSHOW KEYS FROM `schema_migrations`[0m
  [4;35;1mSQL (398.1ms)[0m   [0mCREATE UNIQUE INDEX `unique_schema_migrations` ON `schema_migrations` (`version`)[0m
  [4;36;1mSQL (95.3ms)[0m   [0;1mSHOW TABLES[0m
  [4;35;1mSQL (70.5ms)[0m   [0mSHOW TABLES[0m
  [4;36;1mSQL (54.8ms)[0m   [0;1mSELECT version FROM schema_migrations[0m
  [4;35;1mSQL (72.1ms)[0m   [0mSHOW TABLES[0m
/!\ FAILSAFE /!\  Tue Jun 18 07:16:01 +0000 2019
  Status: 500 Internal Server Error
  no such file to load -- mysql
    /root/.rbenv/versions/1.8.7-p375/lib/ruby/site_ruby/1.8/rubygems/custom_require.rb:36:in `gem_original_require'
    /root/.rbenv/versions/1.8.7-p375/lib/ruby/site_ruby/1.8/rubygems/custom_require.rb:36:in `require'
    /root/.rbenv/versions/1.8.7-p375/lib/ruby/gems/1.8/gems/activesupport-2.3.18/lib/active_support/dependencies.rb:182:in `require'
    /root/.rbenv/versions/1.8.7-p375/lib/ruby/gems/1.8/gems/activesupport-2.3.18/lib/active_support/dependencies.rb:547:in `new_constants_in'
    /root/.rbenv/versions/1.8.7-p375/lib/ruby/gems/1.8/gems/activesupport-2.3.18/lib/active_support/dependencies.rb:182:in `require'
    /root/.rbenv/versions/1.8.7-p375/lib/ruby/gems/1.8/gems/activesupport-2.3.18/lib/active_support/core_ext/kernel/requires.rb:7:in `require_library_or_gem'
    /root/.rbenv/versions/1.8.7-p375/lib/ruby/gems/1.8/gems/activesupport-2.3.18/lib/active_support/core_ext/kernel/reporting.rb:11:in `silence_warnings'
    /root/.rbenv/versions/1.8.7-p375/lib/ruby/gems/1.8/gems/activesupport-2.3.18/lib/active_support/core_ext/kernel/requires.rb:5:in `require_library_or_gem'
    /root/.rbenv/versions/1.8.7-p375/lib/ruby/gems/1.8/gems/activerecord-2.3.18/lib/active_record/connection_adapters/mysql_adapter.rb:61:in `mysql_connection'
    /root/.rbenv/versions/1.8.7-p375/lib/ruby/gems/1.8/gems/activerecord-2.3.18/lib/active_record/connection_adapters/abstract/connection_pool.rb:223:in `send'
    /root/.rbenv/versions/1.8.7-p375/lib/ruby/gems/1.8/gems/activerecord-2.3.18/lib/active_record/connection_adapters/abstract/connection_pool.rb:223:in `new_connection'
    /root/.rbenv/versions/1.8.7-p375/lib/ruby/gems/1.8/gems/activerecord-2.3.18/lib/active_record/connection_adapters/abstract/connection_pool.rb:245:in `checkout_new_connection'
    /root/.rbenv/versions/1.8.7-p375/lib/ruby/gems/1.8/gems/activerecord-2.3.18/lib/active_record/connection_adapters/abstract/connection_pool.rb:188:in `checkout'
    /root/.rbenv/versions/1.8.7-p375/lib/ruby/gems/1.8/gems/activerecord-2.3.18/lib/active_record/connection_adapters/abstract/connection_pool.rb:184:in `loop'
    /root/.rbenv/versions/1.8.7-p375/lib/ruby/gems/1.8/gems/activerecord-2.3.18/lib/active_record/connection_adapters/abstract/connection_pool.rb:184:in `checkout'
    /root/.rbenv/versions/1.8.7-p375/lib/ruby/1.8/monitor.rb:242:in `synchronize'
    /root/.rbenv/versions/1.8.7-p375/lib/ruby/gems/1.8/gems/activerecord-2.3.18/lib/active_record/connection_adapters/abstract/connection_pool.rb:183:in `checkout'
    /root/.rbenv/versions/1.8.7-p375/lib/ruby/gems/1.8/gems/activerecord-2.3.18/lib/active_record/connection_adapters/abstract/connection_pool.rb:98:in `connection'
    /root/.rbenv/versions/1.8.7-p375/lib/ruby/gems/1.8/gems/activerecord-2.3.18/lib/active_record/connection_adapters/abstract/connection_pool.rb:326:in `retrieve_connection'
    /root/.rbenv/versions/1.8.7-p375/lib/ruby/gems/1.8/gems/activerecord-2.3.18/lib/active_record/connection_adapters/abstract/connection_specification.rb:123:in `retrieve_connection'
    /root/.rbenv/versions/1.8.7-p375/lib/ruby/gems/1.8/gems/activerecord-2.3.18/lib/active_record/connection_adapters/abstract/connection_specification.rb:115:in `connection'
    /root/.rbenv/versions/1.8.7-p375/lib/ruby/gems/1.8/gems/activerecord-2.3.18/lib/active_record/query_cache.rb:9:in `cache'
    /root/.rbenv/versions/1.8.7-p375/lib/ruby/gems/1.8/gems/activerecord-2.3.18/lib/active_record/query_cache.rb:28:in `call'
    /root/.rbenv/versions/1.8.7-p375/lib/ruby/gems/1.8/gems/activerecord-2.3.18/lib/active_record/connection_adapters/abstract/connection_pool.rb:361:in `call'
    /root/.rbenv/versions/1.8.7-p375/lib/ruby/gems/1.8/gems/actionpack-2.3.18/lib/action_controller/string_coercion.rb:25:in `call'
    /root/.rbenv/versions/1.8.7-p375/lib/ruby/gems/1.8/gems/rack-1.1.6/lib/rack/head.rb:9:in `call'
    /root/.rbenv/versions/1.8.7-p375/lib/ruby/gems/1.8/gems/rack-1.1.6/lib/rack/methodoverride.rb:24:in `call'
    /root/.rbenv/versions/1.8.7-p375/lib/ruby/gems/1.8/gems/actionpack-2.3.18/lib/action_controller/params_parser.rb:15:in `call'
    /root/.rbenv/versions/1.8.7-p375/lib/ruby/gems/1.8/gems/actionpack-2.3.18/lib/action_controller/session/cookie_store.rb:99:in `call'
    /root/.rbenv/versions/1.8.7-p375/lib/ruby/gems/1.8/gems/actionpack-2.3.18/lib/action_controller/failsafe.rb:26:in `call'
    /root/.rbenv/versions/1.8.7-p375/lib/ruby/gems/1.8/gems/rack-1.1.6/lib/rack/lock.rb:11:in `call'
    /root/.rbenv/versions/1.8.7-p375/lib/ruby/gems/1.8/gems/rack-1.1.6/lib/rack/lock.rb:11:in `synchronize'
    /root/.rbenv/versions/1.8.7-p375/lib/ruby/gems/1.8/gems/rack-1.1.6/lib/rack/lock.rb:11:in `call'
    /root/.rbenv/versions/1.8.7-p375/lib/ruby/gems/1.8/gems/actionpack-2.3.18/lib/action_controller/dispatcher.rb:114:in `call'
    /root/.rbenv/versions/1.8.7-p375/lib/ruby/gems/1.8/gems/actionpack-2.3.18/lib/action_controller/reloader.rb:34:in `run'
    /root/.rbenv/versions/1.8.7-p375/lib/ruby/gems/1.8/gems/actionpack-2.3.18/lib/action_controller/dispatcher.rb:108:in `call'
    /root/.rbenv/versions/1.8.7-p375/lib/ruby/gems/1.8/gems/rails-2.3.18/lib/rails/rack/static.rb:31:in `call'
    /root/.rbenv/versions/1.8.7-p375/lib/ruby/gems/1.8/gems/rack-1.1.6/lib/rack/urlmap.rb:47:in `call'
    /root/.rbenv/versions/1.8.7-p375/lib/ruby/gems/1.8/gems/rack-1.1.6/lib/rack/urlmap.rb:41:in `each'
    /root/.rbenv/versions/1.8.7-p375/lib/ruby/gems/1.8/gems/rack-1.1.6/lib/rack/urlmap.rb:41:in `call'
    /root/.rbenv/versions/1.8.7-p375/lib/ruby/gems/1.8/gems/rails-2.3.18/lib/rails/rack/log_tailer.rb:17:in `call'
    /root/.rbenv/versions/1.8.7-p375/lib/ruby/gems/1.8/gems/rack-1.1.6/lib/rack/content_length.rb:13:in `call'
    /root/.rbenv/versions/1.8.7-p375/lib/ruby/gems/1.8/gems/rack-1.1.6/lib/rack/handler/webrick.rb:48:in `service'
    /root/.rbenv/versions/1.8.7-p375/lib/ruby/1.8/webrick/httpserver.rb:104:in `service'
    /root/.rbenv/versions/1.8.7-p375/lib/ruby/1.8/webrick/httpserver.rb:65:in `run'
    /root/.rbenv/versions/1.8.7-p375/lib/ruby/1.8/webrick/server.rb:173:in `start_thread'
    /root/.rbenv/versions/1.8.7-p375/lib/ruby/1.8/webrick/server.rb:162:in `start'
    /root/.rbenv/versions/1.8.7-p375/lib/ruby/1.8/webrick/server.rb:162:in `start_thread'
    /root/.rbenv/versions/1.8.7-p375/lib/ruby/1.8/webrick/server.rb:95:in `start'
    /root/.rbenv/versions/1.8.7-p375/lib/ruby/1.8/webrick/server.rb:92:in `each'
    /root/.rbenv/versions/1.8.7-p375/lib/ruby/1.8/webrick/server.rb:92:in `start'
    /root/.rbenv/versions/1.8.7-p375/lib/ruby/1.8/webrick/server.rb:23:in `start'
    /root/.rbenv/versions/1.8.7-p375/lib/ruby/1.8/webrick/server.rb:82:in `start'
    /root/.rbenv/versions/1.8.7-p375/lib/ruby/gems/1.8/gems/rack-1.1.6/lib/rack/handler/webrick.rb:14:in `run'
    /root/.rbenv/versions/1.8.7-p375/lib/ruby/gems/1.8/gems/rails-2.3.18/lib/commands/server.rb:111
    /root/.rbenv/versions/1.8.7-p375/lib/ruby/site_ruby/1.8/rubygems/custom_require.rb:36:in `gem_original_require'
    /root/.rbenv/versions/1.8.7-p375/lib/ruby/site_ruby/1.8/rubygems/custom_require.rb:36:in `require'
    script/server:3
  [4;36;1mSQL (63.1ms)[0m   [0;1mSET NAMES 'utf8'[0m
  [4;35;1mSQL (50.6ms)[0m   [0mSET SQL_AUTO_IS_NULL=0[0m


Processing ApplicationController#index (for 172.17.0.1 at 2019-06-18 07:16:59) [GET]

ActionController::RoutingError (No route matches "/home" with {:method=>:get}):
  /root/.rbenv/versions/1.8.7-p375/lib/ruby/1.8/webrick/httpserver.rb:104:in `service'
  /root/.rbenv/versions/1.8.7-p375/lib/ruby/1.8/webrick/httpserver.rb:65:in `run'
  /root/.rbenv/versions/1.8.7-p375/lib/ruby/1.8/webrick/server.rb:173:in `start_thread'
  /root/.rbenv/versions/1.8.7-p375/lib/ruby/1.8/webrick/server.rb:162:in `start'
  /root/.rbenv/versions/1.8.7-p375/lib/ruby/1.8/webrick/server.rb:162:in `start_thread'
  /root/.rbenv/versions/1.8.7-p375/lib/ruby/1.8/webrick/server.rb:95:in `start'
  /root/.rbenv/versions/1.8.7-p375/lib/ruby/1.8/webrick/server.rb:92:in `each'
  /root/.rbenv/versions/1.8.7-p375/lib/ruby/1.8/webrick/server.rb:92:in `start'
  /root/.rbenv/versions/1.8.7-p375/lib/ruby/1.8/webrick/server.rb:23:in `start'
  /root/.rbenv/versions/1.8.7-p375/lib/ruby/1.8/webrick/server.rb:82:in `start'

Rendering rescues/layout (not_found)
  [4;36;1mSQL (51.6ms)[0m   [0;1mSET NAMES 'utf8'[0m
  [4;35;1mSQL (49.8ms)[0m   [0mSET SQL_AUTO_IS_NULL=0[0m
  [4;36;1mSQL (126.1ms)[0m   [0;1mSHOW TABLES[0m
  [4;35;1mSQL (84.1ms)[0m   [0mSHOW TABLES[0m
  [4;36;1mSQL (51.1ms)[0m   [0;1mSELECT version FROM schema_migrations[0m
  [4;35;1mSQL (71.6ms)[0m   [0mSHOW TABLES[0m
